2023-12-11 01:30:40 - INFO - CALL ValidarCliente('11111111A','cliente123')
2023-12-11 01:34:35 - INFO - CALL ValidarCliente('11111111A','cliente123')
2023-12-11 01:36:05 - INFO - CALL ValidarModerador('M1111111','moderador123')
2023-12-11 01:42:23 - INFO - CALL ValidarEmprendedor('73845689','123456')
2023-12-11 01:47:59 - INFO - CALL ValidarCliente('11111111A','cliente123')
2023-12-11 01:49:34 - INFO - CALL ValidarEmprendedor('73845689','123456')
2023-12-11 01:55:12 - INFO - CALL ValidarCliente('76856956','123456')
2023-12-11 01:56:11 - INFO - CALL ValidarEmprendedor('74568963','123456')
2023-12-11 01:57:38 - INFO - CALL ValidarCliente('76856956','123456')
2023-12-11 02:01:46 - INFO - CALL ValidarCliente('76856956','123456')
2023-12-11 02:09:01 - INFO - CALL ValidarCliente('76856956','123456')
2023-12-11 02:11:59 - INFO - CALL ValidarEmprendedor('74568963','123456')
2023-12-11 02:15:34 - INFO - CALL ValidarEmprendedor('74568963','123456')
2023-12-11 02:17:26 - INFO - CALL ValidarEmprendedor('77889944','123456')
2023-12-11 02:20:36 - INFO - CALL ValidarEmprendedor('77889944','123456')
2023-12-11 02:23:49 - INFO - CALL ValidarEmprendedor('77441122','123456')
2023-12-12 10:11:51 - INFO - CALL ValidarEmprendedor('75689635','123456')
2023-12-12 10:24:02 - INFO - CALL ValidarEmprendedor('75896325','123456')
2023-12-12 10:25:16 - INFO - CALL ValidarEmprendedor('75896325','123456')
2023-12-12 10:26:33 - INFO - CALL ValidarEmprendedor('75896325','123456')
2023-12-12 10:28:09 - INFO - CALL ValidarEmprendedor('75896325','123456')
2023-12-12 10:29:14 - INFO - CALL ValidarEmprendedor('75896325','123456')
2023-12-12 10:29:58 - INFO - CALL ValidarEmprendedor('75896325','123456')
2023-12-12 10:31:26 - INFO - CALL ValidarEmprendedor('75896325','123456')
2023-12-12 10:32:55 - INFO - CALL ValidarCliente('76589623','123456')
2023-12-12 10:35:35 - INFO - CALL ValidarCliente(' 76589623','123456')
2023-12-12 12:36:44 - INFO - CALL ValidarEmprendedor('78945612','123456')
